mode: set
github.com/gogapopp/go-trainee-assignment/cmd/avito-shop-service/main.go:28.13,44.70 5 0
github.com/gogapopp/go-trainee-assignment/cmd/avito-shop-service/main.go:44.70,46.3 1 0
github.com/gogapopp/go-trainee-assignment/cmd/avito-shop-service/main.go:48.2,52.12 3 0
github.com/gogapopp/go-trainee-assignment/cmd/avito-shop-service/main.go:52.12,54.77 2 0
github.com/gogapopp/go-trainee-assignment/cmd/avito-shop-service/main.go:54.77,56.4 1 0
github.com/gogapopp/go-trainee-assignment/cmd/avito-shop-service/main.go:60.2,67.42 7 0
github.com/gogapopp/go-trainee-assignment/cmd/avito-shop-service/main.go:67.42,69.3 1 0
github.com/gogapopp/go-trainee-assignment/cmd/avito-shop-service/main.go:71.2,71.9 1 0
github.com/gogapopp/go-trainee-assignment/cmd/avito-shop-service/main.go:72.20,73.39 1 0
github.com/gogapopp/go-trainee-assignment/cmd/avito-shop-service/main.go:75.2,75.31 1 0
github.com/gogapopp/go-trainee-assignment/cmd/avito-shop-service/main.go:78.36,79.16 1 0
github.com/gogapopp/go-trainee-assignment/cmd/avito-shop-service/main.go:79.16,81.3 1 0
github.com/gogapopp/go-trainee-assignment/cmd/avito-shop-service/main.go:82.2,82.10 1 0
github.com/gogapopp/go-trainee-assignment/internal/http-server/routes.go:22.96,32.39 4 0
github.com/gogapopp/go-trainee-assignment/internal/http-server/routes.go:32.39,38.3 4 0
github.com/gogapopp/go-trainee-assignment/internal/http-server/routes.go:39.2,47.12 2 0
github.com/gogapopp/go-trainee-assignment/internal/http-server/middlewares/auth.go:13.71,14.46 1 0
github.com/gogapopp/go-trainee-assignment/internal/http-server/middlewares/auth.go:14.46,15.72 1 0
github.com/gogapopp/go-trainee-assignment/internal/http-server/middlewares/auth.go:15.72,17.20 2 0
github.com/gogapopp/go-trainee-assignment/internal/http-server/middlewares/auth.go:17.20,20.5 2 0
github.com/gogapopp/go-trainee-assignment/internal/http-server/middlewares/auth.go:22.4,23.59 2 0
github.com/gogapopp/go-trainee-assignment/internal/http-server/middlewares/auth.go:23.59,26.5 2 0
github.com/gogapopp/go-trainee-assignment/internal/http-server/middlewares/auth.go:28.4,30.18 3 0
github.com/gogapopp/go-trainee-assignment/internal/http-server/middlewares/auth.go:30.18,33.5 2 0
github.com/gogapopp/go-trainee-assignment/internal/http-server/middlewares/auth.go:35.4,36.41 2 0
github.com/gogapopp/go-trainee-assignment/internal/libs/config/config.go:17.40,19.16 2 0
github.com/gogapopp/go-trainee-assignment/internal/libs/config/config.go:19.16,21.3 1 0
github.com/gogapopp/go-trainee-assignment/internal/libs/config/config.go:23.2,26.16 3 0
github.com/gogapopp/go-trainee-assignment/internal/libs/config/config.go:26.16,28.3 1 0
github.com/gogapopp/go-trainee-assignment/internal/libs/config/config.go:30.2,34.8 1 0
github.com/gogapopp/go-trainee-assignment/internal/libs/config/http.go:15.43,18.20 2 0
github.com/gogapopp/go-trainee-assignment/internal/libs/config/http.go:18.20,20.3 1 0
github.com/gogapopp/go-trainee-assignment/internal/libs/config/http.go:22.2,24.8 1 0
github.com/gogapopp/go-trainee-assignment/internal/libs/config/pg.go:20.30,35.2 3 0
github.com/gogapopp/go-trainee-assignment/internal/libs/jwt/jwt.go:22.69,33.2 3 0
github.com/gogapopp/go-trainee-assignment/internal/libs/jwt/jwt.go:35.64,39.47 1 0
github.com/gogapopp/go-trainee-assignment/internal/libs/jwt/jwt.go:39.47,41.4 1 0
github.com/gogapopp/go-trainee-assignment/internal/libs/jwt/jwt.go:43.2,43.16 1 0
github.com/gogapopp/go-trainee-assignment/internal/libs/jwt/jwt.go:43.16,44.42 1 0
github.com/gogapopp/go-trainee-assignment/internal/libs/jwt/jwt.go:44.42,46.4 1 0
github.com/gogapopp/go-trainee-assignment/internal/libs/jwt/jwt.go:47.3,47.28 1 0
github.com/gogapopp/go-trainee-assignment/internal/libs/jwt/jwt.go:50.2,50.66 1 0
github.com/gogapopp/go-trainee-assignment/internal/libs/jwt/jwt.go:50.66,52.3 1 0
github.com/gogapopp/go-trainee-assignment/internal/libs/jwt/jwt.go:54.2,54.27 1 0
github.com/gogapopp/go-trainee-assignment/internal/http-server/handlers/auth.go:20.87,21.54 1 0
github.com/gogapopp/go-trainee-assignment/internal/http-server/handlers/auth.go:21.54,28.62 5 0
github.com/gogapopp/go-trainee-assignment/internal/http-server/handlers/auth.go:28.62,32.4 3 0
github.com/gogapopp/go-trainee-assignment/internal/http-server/handlers/auth.go:34.3,35.17 2 0
github.com/gogapopp/go-trainee-assignment/internal/http-server/handlers/auth.go:35.17,39.11 3 0
github.com/gogapopp/go-trainee-assignment/internal/http-server/handlers/auth.go:40.58,41.73 1 0
github.com/gogapopp/go-trainee-assignment/internal/http-server/handlers/auth.go:42.33,43.68 1 0
github.com/gogapopp/go-trainee-assignment/internal/http-server/handlers/auth.go:44.12,45.82 1 0
github.com/gogapopp/go-trainee-assignment/internal/http-server/handlers/auth.go:47.4,47.10 1 0
github.com/gogapopp/go-trainee-assignment/internal/http-server/handlers/auth.go:50.3,50.68 1 0
github.com/gogapopp/go-trainee-assignment/internal/http-server/handlers/buy.go:18.96,19.54 1 0
github.com/gogapopp/go-trainee-assignment/internal/http-server/handlers/buy.go:19.54,26.17 5 0
github.com/gogapopp/go-trainee-assignment/internal/http-server/handlers/buy.go:26.17,30.4 3 0
github.com/gogapopp/go-trainee-assignment/internal/http-server/handlers/buy.go:32.3,33.21 2 0
github.com/gogapopp/go-trainee-assignment/internal/http-server/handlers/buy.go:33.21,37.4 3 0
github.com/gogapopp/go-trainee-assignment/internal/http-server/handlers/buy.go:39.3,39.71 1 0
github.com/gogapopp/go-trainee-assignment/internal/http-server/handlers/buy.go:39.71,42.11 2 0
github.com/gogapopp/go-trainee-assignment/internal/http-server/handlers/buy.go:43.52,44.64 1 0
github.com/gogapopp/go-trainee-assignment/internal/http-server/handlers/buy.go:45.57,46.70 1 0
github.com/gogapopp/go-trainee-assignment/internal/http-server/handlers/buy.go:47.12,48.75 1 0
github.com/gogapopp/go-trainee-assignment/internal/http-server/handlers/buy.go:50.4,50.10 1 0
github.com/gogapopp/go-trainee-assignment/internal/http-server/handlers/buy.go:53.3,53.31 1 0
github.com/gogapopp/go-trainee-assignment/internal/http-server/handlers/helpers.go:12.73,16.2 3 0
github.com/gogapopp/go-trainee-assignment/internal/http-server/handlers/helpers.go:18.73,20.2 1 0
github.com/gogapopp/go-trainee-assignment/internal/http-server/handlers/helpers.go:43.61,45.9 2 0
github.com/gogapopp/go-trainee-assignment/internal/http-server/handlers/helpers.go:45.9,47.3 1 0
github.com/gogapopp/go-trainee-assignment/internal/http-server/handlers/helpers.go:48.2,48.20 1 0
github.com/gogapopp/go-trainee-assignment/internal/http-server/handlers/info.go:18.87,19.54 1 0
github.com/gogapopp/go-trainee-assignment/internal/http-server/handlers/info.go:19.54,26.17 5 0
github.com/gogapopp/go-trainee-assignment/internal/http-server/handlers/info.go:26.17,30.4 3 0
github.com/gogapopp/go-trainee-assignment/internal/http-server/handlers/info.go:32.3,33.17 2 0
github.com/gogapopp/go-trainee-assignment/internal/http-server/handlers/info.go:33.17,36.11 2 0
github.com/gogapopp/go-trainee-assignment/internal/http-server/handlers/info.go:37.52,38.64 1 0
github.com/gogapopp/go-trainee-assignment/internal/http-server/handlers/info.go:39.12,40.75 1 0
github.com/gogapopp/go-trainee-assignment/internal/http-server/handlers/info.go:42.4,42.10 1 0
github.com/gogapopp/go-trainee-assignment/internal/http-server/handlers/info.go:45.3,45.39 1 0
github.com/gogapopp/go-trainee-assignment/internal/http-server/handlers/send_coin.go:20.99,21.54 1 0
github.com/gogapopp/go-trainee-assignment/internal/http-server/handlers/send_coin.go:21.54,28.17 5 0
github.com/gogapopp/go-trainee-assignment/internal/http-server/handlers/send_coin.go:28.17,32.4 3 0
github.com/gogapopp/go-trainee-assignment/internal/http-server/handlers/send_coin.go:34.3,35.62 2 0
github.com/gogapopp/go-trainee-assignment/internal/http-server/handlers/send_coin.go:35.62,39.4 3 0
github.com/gogapopp/go-trainee-assignment/internal/http-server/handlers/send_coin.go:41.3,41.69 1 0
github.com/gogapopp/go-trainee-assignment/internal/http-server/handlers/send_coin.go:41.69,45.11 3 0
github.com/gogapopp/go-trainee-assignment/internal/http-server/handlers/send_coin.go:46.57,47.70 1 0
github.com/gogapopp/go-trainee-assignment/internal/http-server/handlers/send_coin.go:48.52,49.64 1 0
github.com/gogapopp/go-trainee-assignment/internal/http-server/handlers/send_coin.go:50.48,51.73 1 0
github.com/gogapopp/go-trainee-assignment/internal/http-server/handlers/send_coin.go:52.33,53.68 1 0
github.com/gogapopp/go-trainee-assignment/internal/http-server/handlers/send_coin.go:54.12,55.75 1 0
github.com/gogapopp/go-trainee-assignment/internal/http-server/handlers/send_coin.go:57.4,57.10 1 0
github.com/gogapopp/go-trainee-assignment/internal/http-server/handlers/send_coin.go:60.3,60.31 1 0
github.com/gogapopp/go-trainee-assignment/internal/repository/postgres/auth.go:16.87,20.16 3 0
github.com/gogapopp/go-trainee-assignment/internal/repository/postgres/auth.go:20.16,22.3 1 0
github.com/gogapopp/go-trainee-assignment/internal/repository/postgres/auth.go:24.2,30.16 3 0
github.com/gogapopp/go-trainee-assignment/internal/repository/postgres/auth.go:30.16,32.3 1 0
github.com/gogapopp/go-trainee-assignment/internal/repository/postgres/auth.go:34.2,34.36 1 0
github.com/gogapopp/go-trainee-assignment/internal/repository/postgres/auth.go:34.36,36.3 1 0
github.com/gogapopp/go-trainee-assignment/internal/repository/postgres/auth.go:38.2,42.16 3 0
github.com/gogapopp/go-trainee-assignment/internal/repository/postgres/auth.go:42.16,44.3 1 0
github.com/gogapopp/go-trainee-assignment/internal/repository/postgres/auth.go:46.2,46.105 1 0
github.com/gogapopp/go-trainee-assignment/internal/repository/postgres/auth.go:46.105,48.3 1 0
github.com/gogapopp/go-trainee-assignment/internal/repository/postgres/auth.go:50.2,50.20 1 0
github.com/gogapopp/go-trainee-assignment/internal/repository/postgres/buy.go:12.83,16.16 3 0
github.com/gogapopp/go-trainee-assignment/internal/repository/postgres/buy.go:16.16,18.3 1 0
github.com/gogapopp/go-trainee-assignment/internal/repository/postgres/buy.go:19.2,24.16 4 0
github.com/gogapopp/go-trainee-assignment/internal/repository/postgres/buy.go:24.16,25.36 1 0
github.com/gogapopp/go-trainee-assignment/internal/repository/postgres/buy.go:25.36,27.4 1 0
github.com/gogapopp/go-trainee-assignment/internal/repository/postgres/buy.go:28.3,28.39 1 0
github.com/gogapopp/go-trainee-assignment/internal/repository/postgres/buy.go:32.2,34.16 3 0
github.com/gogapopp/go-trainee-assignment/internal/repository/postgres/buy.go:34.16,36.3 1 0
github.com/gogapopp/go-trainee-assignment/internal/repository/postgres/buy.go:38.2,38.21 1 0
github.com/gogapopp/go-trainee-assignment/internal/repository/postgres/buy.go:38.21,40.3 1 0
github.com/gogapopp/go-trainee-assignment/internal/repository/postgres/buy.go:43.2,44.16 2 0
github.com/gogapopp/go-trainee-assignment/internal/repository/postgres/buy.go:44.16,46.3 1 0
github.com/gogapopp/go-trainee-assignment/internal/repository/postgres/buy.go:49.2,54.16 2 0
github.com/gogapopp/go-trainee-assignment/internal/repository/postgres/buy.go:54.16,56.3 1 0
github.com/gogapopp/go-trainee-assignment/internal/repository/postgres/buy.go:58.2,58.23 1 0
github.com/gogapopp/go-trainee-assignment/internal/repository/postgres/info.go:10.93,16.16 4 0
github.com/gogapopp/go-trainee-assignment/internal/repository/postgres/info.go:16.16,18.3 1 0
github.com/gogapopp/go-trainee-assignment/internal/repository/postgres/info.go:21.2,27.16 2 0
github.com/gogapopp/go-trainee-assignment/internal/repository/postgres/info.go:27.16,29.3 1 0
github.com/gogapopp/go-trainee-assignment/internal/repository/postgres/info.go:30.2,32.18 2 0
github.com/gogapopp/go-trainee-assignment/internal/repository/postgres/info.go:32.18,34.63 2 0
github.com/gogapopp/go-trainee-assignment/internal/repository/postgres/info.go:34.63,36.4 1 0
github.com/gogapopp/go-trainee-assignment/internal/repository/postgres/info.go:37.3,37.48 1 0
github.com/gogapopp/go-trainee-assignment/internal/repository/postgres/info.go:41.2,47.16 2 0
github.com/gogapopp/go-trainee-assignment/internal/repository/postgres/info.go:47.16,49.3 1 0
github.com/gogapopp/go-trainee-assignment/internal/repository/postgres/info.go:50.2,52.26 2 0
github.com/gogapopp/go-trainee-assignment/internal/repository/postgres/info.go:52.26,54.67 2 0
github.com/gogapopp/go-trainee-assignment/internal/repository/postgres/info.go:54.67,56.4 1 0
github.com/gogapopp/go-trainee-assignment/internal/repository/postgres/info.go:57.3,57.67 1 0
github.com/gogapopp/go-trainee-assignment/internal/repository/postgres/info.go:61.2,67.16 2 0
github.com/gogapopp/go-trainee-assignment/internal/repository/postgres/info.go:67.16,69.3 1 0
github.com/gogapopp/go-trainee-assignment/internal/repository/postgres/info.go:70.2,72.22 2 0
github.com/gogapopp/go-trainee-assignment/internal/repository/postgres/info.go:72.22,74.61 2 0
github.com/gogapopp/go-trainee-assignment/internal/repository/postgres/info.go:74.61,76.4 1 0
github.com/gogapopp/go-trainee-assignment/internal/repository/postgres/info.go:77.3,77.59 1 0
github.com/gogapopp/go-trainee-assignment/internal/repository/postgres/info.go:80.2,80.18 1 0
github.com/gogapopp/go-trainee-assignment/internal/repository/postgres/postgres.go:14.40,20.16 4 0
github.com/gogapopp/go-trainee-assignment/internal/repository/postgres/postgres.go:20.16,22.3 1 0
github.com/gogapopp/go-trainee-assignment/internal/repository/postgres/postgres.go:24.2,25.16 2 0
github.com/gogapopp/go-trainee-assignment/internal/repository/postgres/postgres.go:25.16,27.3 1 0
github.com/gogapopp/go-trainee-assignment/internal/repository/postgres/postgres.go:29.2,31.8 1 0
github.com/gogapopp/go-trainee-assignment/internal/repository/postgres/send_coin.go:13.98,17.16 3 0
github.com/gogapopp/go-trainee-assignment/internal/repository/postgres/send_coin.go:17.16,19.3 1 0
github.com/gogapopp/go-trainee-assignment/internal/repository/postgres/send_coin.go:20.2,25.16 4 0
github.com/gogapopp/go-trainee-assignment/internal/repository/postgres/send_coin.go:25.16,26.36 1 0
github.com/gogapopp/go-trainee-assignment/internal/repository/postgres/send_coin.go:26.36,28.4 1 0
github.com/gogapopp/go-trainee-assignment/internal/repository/postgres/send_coin.go:29.3,29.39 1 0
github.com/gogapopp/go-trainee-assignment/internal/repository/postgres/send_coin.go:32.2,32.29 1 0
github.com/gogapopp/go-trainee-assignment/internal/repository/postgres/send_coin.go:32.29,34.3 1 0
github.com/gogapopp/go-trainee-assignment/internal/repository/postgres/send_coin.go:37.2,39.16 3 0
github.com/gogapopp/go-trainee-assignment/internal/repository/postgres/send_coin.go:39.16,41.3 1 0
github.com/gogapopp/go-trainee-assignment/internal/repository/postgres/send_coin.go:43.2,43.26 1 0
github.com/gogapopp/go-trainee-assignment/internal/repository/postgres/send_coin.go:43.26,45.3 1 0
github.com/gogapopp/go-trainee-assignment/internal/repository/postgres/send_coin.go:48.2,49.16 2 0
github.com/gogapopp/go-trainee-assignment/internal/repository/postgres/send_coin.go:49.16,51.3 1 0
github.com/gogapopp/go-trainee-assignment/internal/repository/postgres/send_coin.go:54.2,55.16 2 0
github.com/gogapopp/go-trainee-assignment/internal/repository/postgres/send_coin.go:55.16,57.3 1 0
github.com/gogapopp/go-trainee-assignment/internal/repository/postgres/send_coin.go:59.2,61.16 2 0
github.com/gogapopp/go-trainee-assignment/internal/repository/postgres/send_coin.go:61.16,63.3 1 0
github.com/gogapopp/go-trainee-assignment/internal/repository/postgres/send_coin.go:65.2,65.23 1 0
github.com/gogapopp/go-trainee-assignment/internal/service/mocks/repository.go:14.84,17.2 2 0
github.com/gogapopp/go-trainee-assignment/internal/service/mocks/repository.go:19.80,22.2 2 0
github.com/gogapopp/go-trainee-assignment/internal/service/mocks/repository.go:24.90,27.2 2 0
github.com/gogapopp/go-trainee-assignment/internal/service/mocks/repository.go:29.95,32.2 2 0
github.com/gogapopp/go-trainee-assignment/cmd/avito-shop-service/main.go:28.13,44.70 5 0
github.com/gogapopp/go-trainee-assignment/cmd/avito-shop-service/main.go:44.70,46.3 1 0
github.com/gogapopp/go-trainee-assignment/cmd/avito-shop-service/main.go:48.2,52.12 3 0
github.com/gogapopp/go-trainee-assignment/cmd/avito-shop-service/main.go:52.12,54.77 2 0
github.com/gogapopp/go-trainee-assignment/cmd/avito-shop-service/main.go:54.77,56.4 1 0
github.com/gogapopp/go-trainee-assignment/cmd/avito-shop-service/main.go:60.2,67.42 7 0
github.com/gogapopp/go-trainee-assignment/cmd/avito-shop-service/main.go:67.42,69.3 1 0
github.com/gogapopp/go-trainee-assignment/cmd/avito-shop-service/main.go:71.2,71.9 1 0
github.com/gogapopp/go-trainee-assignment/cmd/avito-shop-service/main.go:72.20,73.39 1 0
github.com/gogapopp/go-trainee-assignment/cmd/avito-shop-service/main.go:75.2,75.31 1 0
github.com/gogapopp/go-trainee-assignment/cmd/avito-shop-service/main.go:78.36,79.16 1 0
github.com/gogapopp/go-trainee-assignment/cmd/avito-shop-service/main.go:79.16,81.3 1 0
github.com/gogapopp/go-trainee-assignment/cmd/avito-shop-service/main.go:82.2,82.10 1 0
github.com/gogapopp/go-trainee-assignment/internal/http-server/routes.go:22.96,32.39 4 0
github.com/gogapopp/go-trainee-assignment/internal/http-server/routes.go:32.39,38.3 4 0
github.com/gogapopp/go-trainee-assignment/internal/http-server/routes.go:39.2,47.12 2 0
github.com/gogapopp/go-trainee-assignment/internal/http-server/handlers/auth.go:20.87,21.54 1 0
github.com/gogapopp/go-trainee-assignment/internal/http-server/handlers/auth.go:21.54,28.62 5 0
github.com/gogapopp/go-trainee-assignment/internal/http-server/handlers/auth.go:28.62,32.4 3 0
github.com/gogapopp/go-trainee-assignment/internal/http-server/handlers/auth.go:34.3,35.17 2 0
github.com/gogapopp/go-trainee-assignment/internal/http-server/handlers/auth.go:35.17,39.11 3 0
github.com/gogapopp/go-trainee-assignment/internal/http-server/handlers/auth.go:40.58,41.73 1 0
github.com/gogapopp/go-trainee-assignment/internal/http-server/handlers/auth.go:42.33,43.68 1 0
github.com/gogapopp/go-trainee-assignment/internal/http-server/handlers/auth.go:44.12,45.82 1 0
github.com/gogapopp/go-trainee-assignment/internal/http-server/handlers/auth.go:47.4,47.10 1 0
github.com/gogapopp/go-trainee-assignment/internal/http-server/handlers/auth.go:50.3,50.68 1 0
github.com/gogapopp/go-trainee-assignment/internal/http-server/handlers/buy.go:18.96,19.54 1 0
github.com/gogapopp/go-trainee-assignment/internal/http-server/handlers/buy.go:19.54,26.17 5 0
github.com/gogapopp/go-trainee-assignment/internal/http-server/handlers/buy.go:26.17,30.4 3 0
github.com/gogapopp/go-trainee-assignment/internal/http-server/handlers/buy.go:32.3,33.21 2 0
github.com/gogapopp/go-trainee-assignment/internal/http-server/handlers/buy.go:33.21,37.4 3 0
github.com/gogapopp/go-trainee-assignment/internal/http-server/handlers/buy.go:39.3,39.71 1 0
github.com/gogapopp/go-trainee-assignment/internal/http-server/handlers/buy.go:39.71,42.11 2 0
github.com/gogapopp/go-trainee-assignment/internal/http-server/handlers/buy.go:43.52,44.64 1 0
github.com/gogapopp/go-trainee-assignment/internal/http-server/handlers/buy.go:45.57,46.70 1 0
github.com/gogapopp/go-trainee-assignment/internal/http-server/handlers/buy.go:47.12,48.75 1 0
github.com/gogapopp/go-trainee-assignment/internal/http-server/handlers/buy.go:50.4,50.10 1 0
github.com/gogapopp/go-trainee-assignment/internal/http-server/handlers/buy.go:53.3,53.31 1 0
github.com/gogapopp/go-trainee-assignment/internal/http-server/handlers/helpers.go:12.73,16.2 3 0
github.com/gogapopp/go-trainee-assignment/internal/http-server/handlers/helpers.go:18.73,20.2 1 0
github.com/gogapopp/go-trainee-assignment/internal/http-server/handlers/helpers.go:43.61,45.9 2 0
github.com/gogapopp/go-trainee-assignment/internal/http-server/handlers/helpers.go:45.9,47.3 1 0
github.com/gogapopp/go-trainee-assignment/internal/http-server/handlers/helpers.go:48.2,48.20 1 0
github.com/gogapopp/go-trainee-assignment/internal/http-server/handlers/info.go:18.87,19.54 1 0
github.com/gogapopp/go-trainee-assignment/internal/http-server/handlers/info.go:19.54,26.17 5 0
github.com/gogapopp/go-trainee-assignment/internal/http-server/handlers/info.go:26.17,30.4 3 0
github.com/gogapopp/go-trainee-assignment/internal/http-server/handlers/info.go:32.3,33.17 2 0
github.com/gogapopp/go-trainee-assignment/internal/http-server/handlers/info.go:33.17,36.11 2 0
github.com/gogapopp/go-trainee-assignment/internal/http-server/handlers/info.go:37.52,38.64 1 0
github.com/gogapopp/go-trainee-assignment/internal/http-server/handlers/info.go:39.12,40.75 1 0
github.com/gogapopp/go-trainee-assignment/internal/http-server/handlers/info.go:42.4,42.10 1 0
github.com/gogapopp/go-trainee-assignment/internal/http-server/handlers/info.go:45.3,45.39 1 0
github.com/gogapopp/go-trainee-assignment/internal/http-server/handlers/send_coin.go:20.99,21.54 1 0
github.com/gogapopp/go-trainee-assignment/internal/http-server/handlers/send_coin.go:21.54,28.17 5 0
github.com/gogapopp/go-trainee-assignment/internal/http-server/handlers/send_coin.go:28.17,32.4 3 0
github.com/gogapopp/go-trainee-assignment/internal/http-server/handlers/send_coin.go:34.3,35.62 2 0
github.com/gogapopp/go-trainee-assignment/internal/http-server/handlers/send_coin.go:35.62,39.4 3 0
github.com/gogapopp/go-trainee-assignment/internal/http-server/handlers/send_coin.go:41.3,41.69 1 0
github.com/gogapopp/go-trainee-assignment/internal/http-server/handlers/send_coin.go:41.69,45.11 3 0
github.com/gogapopp/go-trainee-assignment/internal/http-server/handlers/send_coin.go:46.57,47.70 1 0
github.com/gogapopp/go-trainee-assignment/internal/http-server/handlers/send_coin.go:48.52,49.64 1 0
github.com/gogapopp/go-trainee-assignment/internal/http-server/handlers/send_coin.go:50.48,51.73 1 0
github.com/gogapopp/go-trainee-assignment/internal/http-server/handlers/send_coin.go:52.33,53.68 1 0
github.com/gogapopp/go-trainee-assignment/internal/http-server/handlers/send_coin.go:54.12,55.75 1 0
github.com/gogapopp/go-trainee-assignment/internal/http-server/handlers/send_coin.go:57.4,57.10 1 0
github.com/gogapopp/go-trainee-assignment/internal/http-server/handlers/send_coin.go:60.3,60.31 1 0
github.com/gogapopp/go-trainee-assignment/internal/http-server/middlewares/auth.go:13.71,14.46 1 0
github.com/gogapopp/go-trainee-assignment/internal/http-server/middlewares/auth.go:14.46,15.72 1 0
github.com/gogapopp/go-trainee-assignment/internal/http-server/middlewares/auth.go:15.72,17.20 2 0
github.com/gogapopp/go-trainee-assignment/internal/http-server/middlewares/auth.go:17.20,20.5 2 0
github.com/gogapopp/go-trainee-assignment/internal/http-server/middlewares/auth.go:22.4,23.59 2 0
github.com/gogapopp/go-trainee-assignment/internal/http-server/middlewares/auth.go:23.59,26.5 2 0
github.com/gogapopp/go-trainee-assignment/internal/http-server/middlewares/auth.go:28.4,30.18 3 0
github.com/gogapopp/go-trainee-assignment/internal/http-server/middlewares/auth.go:30.18,33.5 2 0
github.com/gogapopp/go-trainee-assignment/internal/http-server/middlewares/auth.go:35.4,36.41 2 0
github.com/gogapopp/go-trainee-assignment/internal/libs/config/config.go:17.40,19.16 2 0
github.com/gogapopp/go-trainee-assignment/internal/libs/config/config.go:19.16,21.3 1 0
github.com/gogapopp/go-trainee-assignment/internal/libs/config/config.go:23.2,26.16 3 0
github.com/gogapopp/go-trainee-assignment/internal/libs/config/config.go:26.16,28.3 1 0
github.com/gogapopp/go-trainee-assignment/internal/libs/config/config.go:30.2,34.8 1 0
github.com/gogapopp/go-trainee-assignment/internal/libs/config/http.go:15.43,18.20 2 0
github.com/gogapopp/go-trainee-assignment/internal/libs/config/http.go:18.20,20.3 1 0
github.com/gogapopp/go-trainee-assignment/internal/libs/config/http.go:22.2,24.8 1 0
github.com/gogapopp/go-trainee-assignment/internal/libs/config/pg.go:20.30,35.2 3 0
github.com/gogapopp/go-trainee-assignment/internal/libs/jwt/jwt.go:22.69,33.2 3 0
github.com/gogapopp/go-trainee-assignment/internal/libs/jwt/jwt.go:35.64,39.47 1 0
github.com/gogapopp/go-trainee-assignment/internal/libs/jwt/jwt.go:39.47,41.4 1 0
github.com/gogapopp/go-trainee-assignment/internal/libs/jwt/jwt.go:43.2,43.16 1 0
github.com/gogapopp/go-trainee-assignment/internal/libs/jwt/jwt.go:43.16,44.42 1 0
github.com/gogapopp/go-trainee-assignment/internal/libs/jwt/jwt.go:44.42,46.4 1 0
github.com/gogapopp/go-trainee-assignment/internal/libs/jwt/jwt.go:47.3,47.28 1 0
github.com/gogapopp/go-trainee-assignment/internal/libs/jwt/jwt.go:50.2,50.66 1 0
github.com/gogapopp/go-trainee-assignment/internal/libs/jwt/jwt.go:50.66,52.3 1 0
github.com/gogapopp/go-trainee-assignment/internal/libs/jwt/jwt.go:54.2,54.27 1 0
github.com/gogapopp/go-trainee-assignment/internal/libs/logger/logger.go:5.40,7.16 2 1
github.com/gogapopp/go-trainee-assignment/internal/libs/logger/logger.go:7.16,9.3 1 0
github.com/gogapopp/go-trainee-assignment/internal/libs/logger/logger.go:10.2,11.19 2 1
github.com/gogapopp/go-trainee-assignment/internal/repository/postgres/auth.go:16.87,20.16 3 0
github.com/gogapopp/go-trainee-assignment/internal/repository/postgres/auth.go:20.16,22.3 1 0
github.com/gogapopp/go-trainee-assignment/internal/repository/postgres/auth.go:24.2,30.16 3 0
github.com/gogapopp/go-trainee-assignment/internal/repository/postgres/auth.go:30.16,32.3 1 0
github.com/gogapopp/go-trainee-assignment/internal/repository/postgres/auth.go:34.2,34.36 1 0
github.com/gogapopp/go-trainee-assignment/internal/repository/postgres/auth.go:34.36,36.3 1 0
github.com/gogapopp/go-trainee-assignment/internal/repository/postgres/auth.go:38.2,42.16 3 0
github.com/gogapopp/go-trainee-assignment/internal/repository/postgres/auth.go:42.16,44.3 1 0
github.com/gogapopp/go-trainee-assignment/internal/repository/postgres/auth.go:46.2,46.105 1 0
github.com/gogapopp/go-trainee-assignment/internal/repository/postgres/auth.go:46.105,48.3 1 0
github.com/gogapopp/go-trainee-assignment/internal/repository/postgres/auth.go:50.2,50.20 1 0
github.com/gogapopp/go-trainee-assignment/internal/repository/postgres/buy.go:12.83,16.16 3 0
github.com/gogapopp/go-trainee-assignment/internal/repository/postgres/buy.go:16.16,18.3 1 0
github.com/gogapopp/go-trainee-assignment/internal/repository/postgres/buy.go:19.2,24.16 4 0
github.com/gogapopp/go-trainee-assignment/internal/repository/postgres/buy.go:24.16,25.36 1 0
github.com/gogapopp/go-trainee-assignment/internal/repository/postgres/buy.go:25.36,27.4 1 0
github.com/gogapopp/go-trainee-assignment/internal/repository/postgres/buy.go:28.3,28.39 1 0
github.com/gogapopp/go-trainee-assignment/internal/repository/postgres/buy.go:32.2,34.16 3 0
github.com/gogapopp/go-trainee-assignment/internal/repository/postgres/buy.go:34.16,36.3 1 0
github.com/gogapopp/go-trainee-assignment/internal/repository/postgres/buy.go:38.2,38.21 1 0
github.com/gogapopp/go-trainee-assignment/internal/repository/postgres/buy.go:38.21,40.3 1 0
github.com/gogapopp/go-trainee-assignment/internal/repository/postgres/buy.go:43.2,44.16 2 0
github.com/gogapopp/go-trainee-assignment/internal/repository/postgres/buy.go:44.16,46.3 1 0
github.com/gogapopp/go-trainee-assignment/internal/repository/postgres/buy.go:49.2,54.16 2 0
github.com/gogapopp/go-trainee-assignment/internal/repository/postgres/buy.go:54.16,56.3 1 0
github.com/gogapopp/go-trainee-assignment/internal/repository/postgres/buy.go:58.2,58.23 1 0
github.com/gogapopp/go-trainee-assignment/internal/repository/postgres/info.go:10.93,16.16 4 0
github.com/gogapopp/go-trainee-assignment/internal/repository/postgres/info.go:16.16,18.3 1 0
github.com/gogapopp/go-trainee-assignment/internal/repository/postgres/info.go:21.2,27.16 2 0
github.com/gogapopp/go-trainee-assignment/internal/repository/postgres/info.go:27.16,29.3 1 0
github.com/gogapopp/go-trainee-assignment/internal/repository/postgres/info.go:30.2,32.18 2 0
github.com/gogapopp/go-trainee-assignment/internal/repository/postgres/info.go:32.18,34.63 2 0
github.com/gogapopp/go-trainee-assignment/internal/repository/postgres/info.go:34.63,36.4 1 0
github.com/gogapopp/go-trainee-assignment/internal/repository/postgres/info.go:37.3,37.48 1 0
github.com/gogapopp/go-trainee-assignment/internal/repository/postgres/info.go:41.2,47.16 2 0
github.com/gogapopp/go-trainee-assignment/internal/repository/postgres/info.go:47.16,49.3 1 0
github.com/gogapopp/go-trainee-assignment/internal/repository/postgres/info.go:50.2,52.26 2 0
github.com/gogapopp/go-trainee-assignment/internal/repository/postgres/info.go:52.26,54.67 2 0
github.com/gogapopp/go-trainee-assignment/internal/repository/postgres/info.go:54.67,56.4 1 0
github.com/gogapopp/go-trainee-assignment/internal/repository/postgres/info.go:57.3,57.67 1 0
github.com/gogapopp/go-trainee-assignment/internal/repository/postgres/info.go:61.2,67.16 2 0
github.com/gogapopp/go-trainee-assignment/internal/repository/postgres/info.go:67.16,69.3 1 0
github.com/gogapopp/go-trainee-assignment/internal/repository/postgres/info.go:70.2,72.22 2 0
github.com/gogapopp/go-trainee-assignment/internal/repository/postgres/info.go:72.22,74.61 2 0
github.com/gogapopp/go-trainee-assignment/internal/repository/postgres/info.go:74.61,76.4 1 0
github.com/gogapopp/go-trainee-assignment/internal/repository/postgres/info.go:77.3,77.59 1 0
github.com/gogapopp/go-trainee-assignment/internal/repository/postgres/info.go:80.2,80.18 1 0
github.com/gogapopp/go-trainee-assignment/internal/repository/postgres/postgres.go:14.40,20.16 4 0
github.com/gogapopp/go-trainee-assignment/internal/repository/postgres/postgres.go:20.16,22.3 1 0
github.com/gogapopp/go-trainee-assignment/internal/repository/postgres/postgres.go:24.2,25.16 2 0
github.com/gogapopp/go-trainee-assignment/internal/repository/postgres/postgres.go:25.16,27.3 1 0
github.com/gogapopp/go-trainee-assignment/internal/repository/postgres/postgres.go:29.2,31.8 1 0
github.com/gogapopp/go-trainee-assignment/internal/repository/postgres/send_coin.go:13.98,17.16 3 0
github.com/gogapopp/go-trainee-assignment/internal/repository/postgres/send_coin.go:17.16,19.3 1 0
github.com/gogapopp/go-trainee-assignment/internal/repository/postgres/send_coin.go:20.2,25.16 4 0
github.com/gogapopp/go-trainee-assignment/internal/repository/postgres/send_coin.go:25.16,26.36 1 0
github.com/gogapopp/go-trainee-assignment/internal/repository/postgres/send_coin.go:26.36,28.4 1 0
github.com/gogapopp/go-trainee-assignment/internal/repository/postgres/send_coin.go:29.3,29.39 1 0
github.com/gogapopp/go-trainee-assignment/internal/repository/postgres/send_coin.go:32.2,32.29 1 0
github.com/gogapopp/go-trainee-assignment/internal/repository/postgres/send_coin.go:32.29,34.3 1 0
github.com/gogapopp/go-trainee-assignment/internal/repository/postgres/send_coin.go:37.2,39.16 3 0
github.com/gogapopp/go-trainee-assignment/internal/repository/postgres/send_coin.go:39.16,41.3 1 0
github.com/gogapopp/go-trainee-assignment/internal/repository/postgres/send_coin.go:43.2,43.26 1 0
github.com/gogapopp/go-trainee-assignment/internal/repository/postgres/send_coin.go:43.26,45.3 1 0
github.com/gogapopp/go-trainee-assignment/internal/repository/postgres/send_coin.go:48.2,49.16 2 0
github.com/gogapopp/go-trainee-assignment/internal/repository/postgres/send_coin.go:49.16,51.3 1 0
github.com/gogapopp/go-trainee-assignment/internal/repository/postgres/send_coin.go:54.2,55.16 2 0
github.com/gogapopp/go-trainee-assignment/internal/repository/postgres/send_coin.go:55.16,57.3 1 0
github.com/gogapopp/go-trainee-assignment/internal/repository/postgres/send_coin.go:59.2,61.16 2 0
github.com/gogapopp/go-trainee-assignment/internal/repository/postgres/send_coin.go:61.16,63.3 1 0
github.com/gogapopp/go-trainee-assignment/internal/repository/postgres/send_coin.go:65.2,65.23 1 0
github.com/gogapopp/go-trainee-assignment/internal/service/auth.go:11.89,14.48 2 0
github.com/gogapopp/go-trainee-assignment/internal/service/auth.go:14.48,16.3 1 0
github.com/gogapopp/go-trainee-assignment/internal/service/auth.go:18.2,19.16 2 0
github.com/gogapopp/go-trainee-assignment/internal/service/auth.go:19.16,21.3 1 0
github.com/gogapopp/go-trainee-assignment/internal/service/auth.go:23.2,24.16 2 0
github.com/gogapopp/go-trainee-assignment/internal/service/auth.go:24.16,26.3 1 0
github.com/gogapopp/go-trainee-assignment/internal/service/auth.go:28.2,28.19 1 0
github.com/gogapopp/go-trainee-assignment/internal/service/buy.go:8.83,11.62 2 0
github.com/gogapopp/go-trainee-assignment/internal/service/buy.go:11.62,13.3 1 0
github.com/gogapopp/go-trainee-assignment/internal/service/buy.go:15.2,15.12 1 0
github.com/gogapopp/go-trainee-assignment/internal/service/info.go:10.93,14.16 3 0
github.com/gogapopp/go-trainee-assignment/internal/service/info.go:14.16,16.3 1 0
github.com/gogapopp/go-trainee-assignment/internal/service/info.go:18.2,18.18 1 0
github.com/gogapopp/go-trainee-assignment/internal/service/send_coin.go:10.98,13.48 2 0
github.com/gogapopp/go-trainee-assignment/internal/service/send_coin.go:13.48,15.3 1 0
github.com/gogapopp/go-trainee-assignment/internal/service/send_coin.go:17.2,17.61 1 0
github.com/gogapopp/go-trainee-assignment/internal/service/send_coin.go:17.61,19.3 1 0
github.com/gogapopp/go-trainee-assignment/internal/service/send_coin.go:21.2,21.12 1 0
github.com/gogapopp/go-trainee-assignment/internal/service/service.go:23.48,29.2 1 0
github.com/gogapopp/go-trainee-assignment/internal/service/mocks/repository.go:14.84,17.2 2 0
github.com/gogapopp/go-trainee-assignment/internal/service/mocks/repository.go:19.80,22.2 2 0
github.com/gogapopp/go-trainee-assignment/internal/service/mocks/repository.go:24.90,27.2 2 0
github.com/gogapopp/go-trainee-assignment/internal/service/mocks/repository.go:29.95,32.2 2 0
github.com/gogapopp/go-trainee-assignment/cmd/avito-shop-service/main.go:28.13,44.70 5 0
github.com/gogapopp/go-trainee-assignment/cmd/avito-shop-service/main.go:44.70,46.3 1 0
github.com/gogapopp/go-trainee-assignment/cmd/avito-shop-service/main.go:48.2,52.12 3 0
github.com/gogapopp/go-trainee-assignment/cmd/avito-shop-service/main.go:52.12,54.77 2 0
github.com/gogapopp/go-trainee-assignment/cmd/avito-shop-service/main.go:54.77,56.4 1 0
github.com/gogapopp/go-trainee-assignment/cmd/avito-shop-service/main.go:60.2,67.42 7 0
github.com/gogapopp/go-trainee-assignment/cmd/avito-shop-service/main.go:67.42,69.3 1 0
github.com/gogapopp/go-trainee-assignment/cmd/avito-shop-service/main.go:71.2,71.9 1 0
github.com/gogapopp/go-trainee-assignment/cmd/avito-shop-service/main.go:72.20,73.39 1 0
github.com/gogapopp/go-trainee-assignment/cmd/avito-shop-service/main.go:75.2,75.31 1 0
github.com/gogapopp/go-trainee-assignment/cmd/avito-shop-service/main.go:78.36,79.16 1 0
github.com/gogapopp/go-trainee-assignment/cmd/avito-shop-service/main.go:79.16,81.3 1 0
github.com/gogapopp/go-trainee-assignment/cmd/avito-shop-service/main.go:82.2,82.10 1 0
github.com/gogapopp/go-trainee-assignment/internal/http-server/routes.go:22.96,32.39 4 0
github.com/gogapopp/go-trainee-assignment/internal/http-server/routes.go:32.39,38.3 4 0
github.com/gogapopp/go-trainee-assignment/internal/http-server/routes.go:39.2,47.12 2 0
github.com/gogapopp/go-trainee-assignment/internal/http-server/handlers/auth.go:20.87,21.54 1 0
github.com/gogapopp/go-trainee-assignment/internal/http-server/handlers/auth.go:21.54,28.62 5 0
github.com/gogapopp/go-trainee-assignment/internal/http-server/handlers/auth.go:28.62,32.4 3 0
github.com/gogapopp/go-trainee-assignment/internal/http-server/handlers/auth.go:34.3,35.17 2 0
github.com/gogapopp/go-trainee-assignment/internal/http-server/handlers/auth.go:35.17,39.11 3 0
github.com/gogapopp/go-trainee-assignment/internal/http-server/handlers/auth.go:40.58,41.73 1 0
github.com/gogapopp/go-trainee-assignment/internal/http-server/handlers/auth.go:42.33,43.68 1 0
github.com/gogapopp/go-trainee-assignment/internal/http-server/handlers/auth.go:44.12,45.82 1 0
github.com/gogapopp/go-trainee-assignment/internal/http-server/handlers/auth.go:47.4,47.10 1 0
github.com/gogapopp/go-trainee-assignment/internal/http-server/handlers/auth.go:50.3,50.68 1 0
github.com/gogapopp/go-trainee-assignment/internal/http-server/handlers/buy.go:18.96,19.54 1 0
github.com/gogapopp/go-trainee-assignment/internal/http-server/handlers/buy.go:19.54,26.17 5 0
github.com/gogapopp/go-trainee-assignment/internal/http-server/handlers/buy.go:26.17,30.4 3 0
github.com/gogapopp/go-trainee-assignment/internal/http-server/handlers/buy.go:32.3,33.21 2 0
github.com/gogapopp/go-trainee-assignment/internal/http-server/handlers/buy.go:33.21,37.4 3 0
github.com/gogapopp/go-trainee-assignment/internal/http-server/handlers/buy.go:39.3,39.71 1 0
github.com/gogapopp/go-trainee-assignment/internal/http-server/handlers/buy.go:39.71,42.11 2 0
github.com/gogapopp/go-trainee-assignment/internal/http-server/handlers/buy.go:43.52,44.64 1 0
github.com/gogapopp/go-trainee-assignment/internal/http-server/handlers/buy.go:45.57,46.70 1 0
github.com/gogapopp/go-trainee-assignment/internal/http-server/handlers/buy.go:47.12,48.75 1 0
github.com/gogapopp/go-trainee-assignment/internal/http-server/handlers/buy.go:50.4,50.10 1 0
github.com/gogapopp/go-trainee-assignment/internal/http-server/handlers/buy.go:53.3,53.31 1 0
github.com/gogapopp/go-trainee-assignment/internal/http-server/handlers/helpers.go:12.73,16.2 3 0
github.com/gogapopp/go-trainee-assignment/internal/http-server/handlers/helpers.go:18.73,20.2 1 0
github.com/gogapopp/go-trainee-assignment/internal/http-server/handlers/helpers.go:43.61,45.9 2 0
github.com/gogapopp/go-trainee-assignment/internal/http-server/handlers/helpers.go:45.9,47.3 1 0
github.com/gogapopp/go-trainee-assignment/internal/http-server/handlers/helpers.go:48.2,48.20 1 0
github.com/gogapopp/go-trainee-assignment/internal/http-server/handlers/info.go:18.87,19.54 1 0
github.com/gogapopp/go-trainee-assignment/internal/http-server/handlers/info.go:19.54,26.17 5 0
github.com/gogapopp/go-trainee-assignment/internal/http-server/handlers/info.go:26.17,30.4 3 0
github.com/gogapopp/go-trainee-assignment/internal/http-server/handlers/info.go:32.3,33.17 2 0
github.com/gogapopp/go-trainee-assignment/internal/http-server/handlers/info.go:33.17,36.11 2 0
github.com/gogapopp/go-trainee-assignment/internal/http-server/handlers/info.go:37.52,38.64 1 0
github.com/gogapopp/go-trainee-assignment/internal/http-server/handlers/info.go:39.12,40.75 1 0
github.com/gogapopp/go-trainee-assignment/internal/http-server/handlers/info.go:42.4,42.10 1 0
github.com/gogapopp/go-trainee-assignment/internal/http-server/handlers/info.go:45.3,45.39 1 0
github.com/gogapopp/go-trainee-assignment/internal/http-server/handlers/send_coin.go:20.99,21.54 1 0
github.com/gogapopp/go-trainee-assignment/internal/http-server/handlers/send_coin.go:21.54,28.17 5 0
github.com/gogapopp/go-trainee-assignment/internal/http-server/handlers/send_coin.go:28.17,32.4 3 0
github.com/gogapopp/go-trainee-assignment/internal/http-server/handlers/send_coin.go:34.3,35.62 2 0
github.com/gogapopp/go-trainee-assignment/internal/http-server/handlers/send_coin.go:35.62,39.4 3 0
github.com/gogapopp/go-trainee-assignment/internal/http-server/handlers/send_coin.go:41.3,41.69 1 0
github.com/gogapopp/go-trainee-assignment/internal/http-server/handlers/send_coin.go:41.69,45.11 3 0
github.com/gogapopp/go-trainee-assignment/internal/http-server/handlers/send_coin.go:46.57,47.70 1 0
github.com/gogapopp/go-trainee-assignment/internal/http-server/handlers/send_coin.go:48.52,49.64 1 0
github.com/gogapopp/go-trainee-assignment/internal/http-server/handlers/send_coin.go:50.48,51.73 1 0
github.com/gogapopp/go-trainee-assignment/internal/http-server/handlers/send_coin.go:52.33,53.68 1 0
github.com/gogapopp/go-trainee-assignment/internal/http-server/handlers/send_coin.go:54.12,55.75 1 0
github.com/gogapopp/go-trainee-assignment/internal/http-server/handlers/send_coin.go:57.4,57.10 1 0
github.com/gogapopp/go-trainee-assignment/internal/http-server/handlers/send_coin.go:60.3,60.31 1 0
github.com/gogapopp/go-trainee-assignment/internal/http-server/middlewares/auth.go:13.71,14.46 1 0
github.com/gogapopp/go-trainee-assignment/internal/http-server/middlewares/auth.go:14.46,15.72 1 0
github.com/gogapopp/go-trainee-assignment/internal/http-server/middlewares/auth.go:15.72,17.20 2 0
github.com/gogapopp/go-trainee-assignment/internal/http-server/middlewares/auth.go:17.20,20.5 2 0
github.com/gogapopp/go-trainee-assignment/internal/http-server/middlewares/auth.go:22.4,23.59 2 0
github.com/gogapopp/go-trainee-assignment/internal/http-server/middlewares/auth.go:23.59,26.5 2 0
github.com/gogapopp/go-trainee-assignment/internal/http-server/middlewares/auth.go:28.4,30.18 3 0
github.com/gogapopp/go-trainee-assignment/internal/http-server/middlewares/auth.go:30.18,33.5 2 0
github.com/gogapopp/go-trainee-assignment/internal/http-server/middlewares/auth.go:35.4,36.41 2 0
github.com/gogapopp/go-trainee-assignment/internal/libs/config/config.go:17.40,19.16 2 0
github.com/gogapopp/go-trainee-assignment/internal/libs/config/config.go:19.16,21.3 1 0
github.com/gogapopp/go-trainee-assignment/internal/libs/config/config.go:23.2,26.16 3 0
github.com/gogapopp/go-trainee-assignment/internal/libs/config/config.go:26.16,28.3 1 0
github.com/gogapopp/go-trainee-assignment/internal/libs/config/config.go:30.2,34.8 1 0
github.com/gogapopp/go-trainee-assignment/internal/libs/config/http.go:15.43,18.20 2 0
github.com/gogapopp/go-trainee-assignment/internal/libs/config/http.go:18.20,20.3 1 0
github.com/gogapopp/go-trainee-assignment/internal/libs/config/http.go:22.2,24.8 1 0
github.com/gogapopp/go-trainee-assignment/internal/libs/config/pg.go:20.30,35.2 3 0
github.com/gogapopp/go-trainee-assignment/internal/libs/jwt/jwt.go:22.69,33.2 3 1
github.com/gogapopp/go-trainee-assignment/internal/libs/jwt/jwt.go:35.64,39.47 1 0
github.com/gogapopp/go-trainee-assignment/internal/libs/jwt/jwt.go:39.47,41.4 1 0
github.com/gogapopp/go-trainee-assignment/internal/libs/jwt/jwt.go:43.2,43.16 1 0
github.com/gogapopp/go-trainee-assignment/internal/libs/jwt/jwt.go:43.16,44.42 1 0
github.com/gogapopp/go-trainee-assignment/internal/libs/jwt/jwt.go:44.42,46.4 1 0
github.com/gogapopp/go-trainee-assignment/internal/libs/jwt/jwt.go:47.3,47.28 1 0
github.com/gogapopp/go-trainee-assignment/internal/libs/jwt/jwt.go:50.2,50.66 1 0
github.com/gogapopp/go-trainee-assignment/internal/libs/jwt/jwt.go:50.66,52.3 1 0
github.com/gogapopp/go-trainee-assignment/internal/libs/jwt/jwt.go:54.2,54.27 1 0
github.com/gogapopp/go-trainee-assignment/internal/libs/logger/logger.go:5.40,7.16 2 0
github.com/gogapopp/go-trainee-assignment/internal/libs/logger/logger.go:7.16,9.3 1 0
github.com/gogapopp/go-trainee-assignment/internal/libs/logger/logger.go:10.2,11.19 2 0
github.com/gogapopp/go-trainee-assignment/internal/repository/postgres/auth.go:16.87,20.16 3 0
github.com/gogapopp/go-trainee-assignment/internal/repository/postgres/auth.go:20.16,22.3 1 0
github.com/gogapopp/go-trainee-assignment/internal/repository/postgres/auth.go:24.2,30.16 3 0
github.com/gogapopp/go-trainee-assignment/internal/repository/postgres/auth.go:30.16,32.3 1 0
github.com/gogapopp/go-trainee-assignment/internal/repository/postgres/auth.go:34.2,34.36 1 0
github.com/gogapopp/go-trainee-assignment/internal/repository/postgres/auth.go:34.36,36.3 1 0
github.com/gogapopp/go-trainee-assignment/internal/repository/postgres/auth.go:38.2,42.16 3 0
github.com/gogapopp/go-trainee-assignment/internal/repository/postgres/auth.go:42.16,44.3 1 0
github.com/gogapopp/go-trainee-assignment/internal/repository/postgres/auth.go:46.2,46.105 1 0
github.com/gogapopp/go-trainee-assignment/internal/repository/postgres/auth.go:46.105,48.3 1 0
github.com/gogapopp/go-trainee-assignment/internal/repository/postgres/auth.go:50.2,50.20 1 0
github.com/gogapopp/go-trainee-assignment/internal/repository/postgres/buy.go:12.83,16.16 3 0
github.com/gogapopp/go-trainee-assignment/internal/repository/postgres/buy.go:16.16,18.3 1 0
github.com/gogapopp/go-trainee-assignment/internal/repository/postgres/buy.go:19.2,24.16 4 0
github.com/gogapopp/go-trainee-assignment/internal/repository/postgres/buy.go:24.16,25.36 1 0
github.com/gogapopp/go-trainee-assignment/internal/repository/postgres/buy.go:25.36,27.4 1 0
github.com/gogapopp/go-trainee-assignment/internal/repository/postgres/buy.go:28.3,28.39 1 0
github.com/gogapopp/go-trainee-assignment/internal/repository/postgres/buy.go:32.2,34.16 3 0
github.com/gogapopp/go-trainee-assignment/internal/repository/postgres/buy.go:34.16,36.3 1 0
github.com/gogapopp/go-trainee-assignment/internal/repository/postgres/buy.go:38.2,38.21 1 0
github.com/gogapopp/go-trainee-assignment/internal/repository/postgres/buy.go:38.21,40.3 1 0
github.com/gogapopp/go-trainee-assignment/internal/repository/postgres/buy.go:43.2,44.16 2 0
github.com/gogapopp/go-trainee-assignment/internal/repository/postgres/buy.go:44.16,46.3 1 0
github.com/gogapopp/go-trainee-assignment/internal/repository/postgres/buy.go:49.2,54.16 2 0
github.com/gogapopp/go-trainee-assignment/internal/repository/postgres/buy.go:54.16,56.3 1 0
github.com/gogapopp/go-trainee-assignment/internal/repository/postgres/buy.go:58.2,58.23 1 0
github.com/gogapopp/go-trainee-assignment/internal/repository/postgres/info.go:10.93,16.16 4 0
github.com/gogapopp/go-trainee-assignment/internal/repository/postgres/info.go:16.16,18.3 1 0
github.com/gogapopp/go-trainee-assignment/internal/repository/postgres/info.go:21.2,27.16 2 0
github.com/gogapopp/go-trainee-assignment/internal/repository/postgres/info.go:27.16,29.3 1 0
github.com/gogapopp/go-trainee-assignment/internal/repository/postgres/info.go:30.2,32.18 2 0
github.com/gogapopp/go-trainee-assignment/internal/repository/postgres/info.go:32.18,34.63 2 0
github.com/gogapopp/go-trainee-assignment/internal/repository/postgres/info.go:34.63,36.4 1 0
github.com/gogapopp/go-trainee-assignment/internal/repository/postgres/info.go:37.3,37.48 1 0
github.com/gogapopp/go-trainee-assignment/internal/repository/postgres/info.go:41.2,47.16 2 0
github.com/gogapopp/go-trainee-assignment/internal/repository/postgres/info.go:47.16,49.3 1 0
github.com/gogapopp/go-trainee-assignment/internal/repository/postgres/info.go:50.2,52.26 2 0
github.com/gogapopp/go-trainee-assignment/internal/repository/postgres/info.go:52.26,54.67 2 0
github.com/gogapopp/go-trainee-assignment/internal/repository/postgres/info.go:54.67,56.4 1 0
github.com/gogapopp/go-trainee-assignment/internal/repository/postgres/info.go:57.3,57.67 1 0
github.com/gogapopp/go-trainee-assignment/internal/repository/postgres/info.go:61.2,67.16 2 0
github.com/gogapopp/go-trainee-assignment/internal/repository/postgres/info.go:67.16,69.3 1 0
github.com/gogapopp/go-trainee-assignment/internal/repository/postgres/info.go:70.2,72.22 2 0
github.com/gogapopp/go-trainee-assignment/internal/repository/postgres/info.go:72.22,74.61 2 0
github.com/gogapopp/go-trainee-assignment/internal/repository/postgres/info.go:74.61,76.4 1 0
github.com/gogapopp/go-trainee-assignment/internal/repository/postgres/info.go:77.3,77.59 1 0
github.com/gogapopp/go-trainee-assignment/internal/repository/postgres/info.go:80.2,80.18 1 0
github.com/gogapopp/go-trainee-assignment/internal/repository/postgres/postgres.go:14.40,20.16 4 0
github.com/gogapopp/go-trainee-assignment/internal/repository/postgres/postgres.go:20.16,22.3 1 0
github.com/gogapopp/go-trainee-assignment/internal/repository/postgres/postgres.go:24.2,25.16 2 0
github.com/gogapopp/go-trainee-assignment/internal/repository/postgres/postgres.go:25.16,27.3 1 0
github.com/gogapopp/go-trainee-assignment/internal/repository/postgres/postgres.go:29.2,31.8 1 0
github.com/gogapopp/go-trainee-assignment/internal/repository/postgres/send_coin.go:13.98,17.16 3 0
github.com/gogapopp/go-trainee-assignment/internal/repository/postgres/send_coin.go:17.16,19.3 1 0
github.com/gogapopp/go-trainee-assignment/internal/repository/postgres/send_coin.go:20.2,25.16 4 0
github.com/gogapopp/go-trainee-assignment/internal/repository/postgres/send_coin.go:25.16,26.36 1 0
github.com/gogapopp/go-trainee-assignment/internal/repository/postgres/send_coin.go:26.36,28.4 1 0
github.com/gogapopp/go-trainee-assignment/internal/repository/postgres/send_coin.go:29.3,29.39 1 0
github.com/gogapopp/go-trainee-assignment/internal/repository/postgres/send_coin.go:32.2,32.29 1 0
github.com/gogapopp/go-trainee-assignment/internal/repository/postgres/send_coin.go:32.29,34.3 1 0
github.com/gogapopp/go-trainee-assignment/internal/repository/postgres/send_coin.go:37.2,39.16 3 0
github.com/gogapopp/go-trainee-assignment/internal/repository/postgres/send_coin.go:39.16,41.3 1 0
github.com/gogapopp/go-trainee-assignment/internal/repository/postgres/send_coin.go:43.2,43.26 1 0
github.com/gogapopp/go-trainee-assignment/internal/repository/postgres/send_coin.go:43.26,45.3 1 0
github.com/gogapopp/go-trainee-assignment/internal/repository/postgres/send_coin.go:48.2,49.16 2 0
github.com/gogapopp/go-trainee-assignment/internal/repository/postgres/send_coin.go:49.16,51.3 1 0
github.com/gogapopp/go-trainee-assignment/internal/repository/postgres/send_coin.go:54.2,55.16 2 0
github.com/gogapopp/go-trainee-assignment/internal/repository/postgres/send_coin.go:55.16,57.3 1 0
github.com/gogapopp/go-trainee-assignment/internal/repository/postgres/send_coin.go:59.2,61.16 2 0
github.com/gogapopp/go-trainee-assignment/internal/repository/postgres/send_coin.go:61.16,63.3 1 0
github.com/gogapopp/go-trainee-assignment/internal/repository/postgres/send_coin.go:65.2,65.23 1 0
github.com/gogapopp/go-trainee-assignment/internal/service/auth.go:11.89,14.48 2 1
github.com/gogapopp/go-trainee-assignment/internal/service/auth.go:14.48,16.3 1 1
github.com/gogapopp/go-trainee-assignment/internal/service/auth.go:18.2,19.16 2 1
github.com/gogapopp/go-trainee-assignment/internal/service/auth.go:19.16,21.3 1 1
github.com/gogapopp/go-trainee-assignment/internal/service/auth.go:23.2,24.16 2 1
github.com/gogapopp/go-trainee-assignment/internal/service/auth.go:24.16,26.3 1 0
github.com/gogapopp/go-trainee-assignment/internal/service/auth.go:28.2,28.19 1 1
github.com/gogapopp/go-trainee-assignment/internal/service/buy.go:8.83,11.62 2 1
github.com/gogapopp/go-trainee-assignment/internal/service/buy.go:11.62,13.3 1 1
github.com/gogapopp/go-trainee-assignment/internal/service/buy.go:15.2,15.12 1 1
github.com/gogapopp/go-trainee-assignment/internal/service/info.go:10.93,14.16 3 1
github.com/gogapopp/go-trainee-assignment/internal/service/info.go:14.16,16.3 1 1
github.com/gogapopp/go-trainee-assignment/internal/service/info.go:18.2,18.18 1 1
github.com/gogapopp/go-trainee-assignment/internal/service/send_coin.go:10.98,13.48 2 1
github.com/gogapopp/go-trainee-assignment/internal/service/send_coin.go:13.48,15.3 1 1
github.com/gogapopp/go-trainee-assignment/internal/service/send_coin.go:17.2,17.61 1 1
github.com/gogapopp/go-trainee-assignment/internal/service/send_coin.go:17.61,19.3 1 1
github.com/gogapopp/go-trainee-assignment/internal/service/send_coin.go:21.2,21.12 1 1
github.com/gogapopp/go-trainee-assignment/internal/service/service.go:23.48,29.2 1 1
github.com/gogapopp/go-trainee-assignment/internal/service/mocks/repository.go:14.84,17.2 2 1
github.com/gogapopp/go-trainee-assignment/internal/service/mocks/repository.go:19.80,22.2 2 1
github.com/gogapopp/go-trainee-assignment/internal/service/mocks/repository.go:24.90,27.2 2 1
github.com/gogapopp/go-trainee-assignment/internal/service/mocks/repository.go:29.95,32.2 2 1
github.com/gogapopp/go-trainee-assignment/cmd/avito-shop-service/main.go:28.13,44.70 5 0
github.com/gogapopp/go-trainee-assignment/cmd/avito-shop-service/main.go:44.70,46.3 1 0
github.com/gogapopp/go-trainee-assignment/cmd/avito-shop-service/main.go:48.2,52.12 3 0
github.com/gogapopp/go-trainee-assignment/cmd/avito-shop-service/main.go:52.12,54.77 2 0
github.com/gogapopp/go-trainee-assignment/cmd/avito-shop-service/main.go:54.77,56.4 1 0
github.com/gogapopp/go-trainee-assignment/cmd/avito-shop-service/main.go:60.2,67.42 7 0
github.com/gogapopp/go-trainee-assignment/cmd/avito-shop-service/main.go:67.42,69.3 1 0
github.com/gogapopp/go-trainee-assignment/cmd/avito-shop-service/main.go:71.2,71.9 1 0
github.com/gogapopp/go-trainee-assignment/cmd/avito-shop-service/main.go:72.20,73.39 1 0
github.com/gogapopp/go-trainee-assignment/cmd/avito-shop-service/main.go:75.2,75.31 1 0
github.com/gogapopp/go-trainee-assignment/cmd/avito-shop-service/main.go:78.36,79.16 1 0
github.com/gogapopp/go-trainee-assignment/cmd/avito-shop-service/main.go:79.16,81.3 1 0
github.com/gogapopp/go-trainee-assignment/cmd/avito-shop-service/main.go:82.2,82.10 1 0
github.com/gogapopp/go-trainee-assignment/internal/http-server/routes.go:22.96,32.39 4 0
github.com/gogapopp/go-trainee-assignment/internal/http-server/routes.go:32.39,38.3 4 0
github.com/gogapopp/go-trainee-assignment/internal/http-server/routes.go:39.2,47.12 2 0
github.com/gogapopp/go-trainee-assignment/internal/http-server/handlers/auth.go:20.87,21.54 1 0
github.com/gogapopp/go-trainee-assignment/internal/http-server/handlers/auth.go:21.54,28.62 5 0
github.com/gogapopp/go-trainee-assignment/internal/http-server/handlers/auth.go:28.62,32.4 3 0
github.com/gogapopp/go-trainee-assignment/internal/http-server/handlers/auth.go:34.3,35.17 2 0
github.com/gogapopp/go-trainee-assignment/internal/http-server/handlers/auth.go:35.17,39.11 3 0
github.com/gogapopp/go-trainee-assignment/internal/http-server/handlers/auth.go:40.58,41.73 1 0
github.com/gogapopp/go-trainee-assignment/internal/http-server/handlers/auth.go:42.33,43.68 1 0
github.com/gogapopp/go-trainee-assignment/internal/http-server/handlers/auth.go:44.12,45.82 1 0
github.com/gogapopp/go-trainee-assignment/internal/http-server/handlers/auth.go:47.4,47.10 1 0
github.com/gogapopp/go-trainee-assignment/internal/http-server/handlers/auth.go:50.3,50.68 1 0
github.com/gogapopp/go-trainee-assignment/internal/http-server/handlers/buy.go:18.96,19.54 1 0
github.com/gogapopp/go-trainee-assignment/internal/http-server/handlers/buy.go:19.54,26.17 5 0
github.com/gogapopp/go-trainee-assignment/internal/http-server/handlers/buy.go:26.17,30.4 3 0
github.com/gogapopp/go-trainee-assignment/internal/http-server/handlers/buy.go:32.3,33.21 2 0
github.com/gogapopp/go-trainee-assignment/internal/http-server/handlers/buy.go:33.21,37.4 3 0
github.com/gogapopp/go-trainee-assignment/internal/http-server/handlers/buy.go:39.3,39.71 1 0
github.com/gogapopp/go-trainee-assignment/internal/http-server/handlers/buy.go:39.71,42.11 2 0
github.com/gogapopp/go-trainee-assignment/internal/http-server/handlers/buy.go:43.52,44.64 1 0
github.com/gogapopp/go-trainee-assignment/internal/http-server/handlers/buy.go:45.57,46.70 1 0
github.com/gogapopp/go-trainee-assignment/internal/http-server/handlers/buy.go:47.12,48.75 1 0
github.com/gogapopp/go-trainee-assignment/internal/http-server/handlers/buy.go:50.4,50.10 1 0
github.com/gogapopp/go-trainee-assignment/internal/http-server/handlers/buy.go:53.3,53.31 1 0
github.com/gogapopp/go-trainee-assignment/internal/http-server/handlers/helpers.go:12.73,16.2 3 0
github.com/gogapopp/go-trainee-assignment/internal/http-server/handlers/helpers.go:18.73,20.2 1 0
github.com/gogapopp/go-trainee-assignment/internal/http-server/handlers/helpers.go:43.61,45.9 2 0
github.com/gogapopp/go-trainee-assignment/internal/http-server/handlers/helpers.go:45.9,47.3 1 0
github.com/gogapopp/go-trainee-assignment/internal/http-server/handlers/helpers.go:48.2,48.20 1 0
github.com/gogapopp/go-trainee-assignment/internal/http-server/handlers/info.go:18.87,19.54 1 0
github.com/gogapopp/go-trainee-assignment/internal/http-server/handlers/info.go:19.54,26.17 5 0
github.com/gogapopp/go-trainee-assignment/internal/http-server/handlers/info.go:26.17,30.4 3 0
github.com/gogapopp/go-trainee-assignment/internal/http-server/handlers/info.go:32.3,33.17 2 0
github.com/gogapopp/go-trainee-assignment/internal/http-server/handlers/info.go:33.17,36.11 2 0
github.com/gogapopp/go-trainee-assignment/internal/http-server/handlers/info.go:37.52,38.64 1 0
github.com/gogapopp/go-trainee-assignment/internal/http-server/handlers/info.go:39.12,40.75 1 0
github.com/gogapopp/go-trainee-assignment/internal/http-server/handlers/info.go:42.4,42.10 1 0
github.com/gogapopp/go-trainee-assignment/internal/http-server/handlers/info.go:45.3,45.39 1 0
github.com/gogapopp/go-trainee-assignment/internal/http-server/handlers/send_coin.go:20.99,21.54 1 0
github.com/gogapopp/go-trainee-assignment/internal/http-server/handlers/send_coin.go:21.54,28.17 5 0
github.com/gogapopp/go-trainee-assignment/internal/http-server/handlers/send_coin.go:28.17,32.4 3 0
github.com/gogapopp/go-trainee-assignment/internal/http-server/handlers/send_coin.go:34.3,35.62 2 0
github.com/gogapopp/go-trainee-assignment/internal/http-server/handlers/send_coin.go:35.62,39.4 3 0
github.com/gogapopp/go-trainee-assignment/internal/http-server/handlers/send_coin.go:41.3,41.69 1 0
github.com/gogapopp/go-trainee-assignment/internal/http-server/handlers/send_coin.go:41.69,45.11 3 0
github.com/gogapopp/go-trainee-assignment/internal/http-server/handlers/send_coin.go:46.57,47.70 1 0
github.com/gogapopp/go-trainee-assignment/internal/http-server/handlers/send_coin.go:48.52,49.64 1 0
github.com/gogapopp/go-trainee-assignment/internal/http-server/handlers/send_coin.go:50.48,51.73 1 0
github.com/gogapopp/go-trainee-assignment/internal/http-server/handlers/send_coin.go:52.33,53.68 1 0
github.com/gogapopp/go-trainee-assignment/internal/http-server/handlers/send_coin.go:54.12,55.75 1 0
github.com/gogapopp/go-trainee-assignment/internal/http-server/handlers/send_coin.go:57.4,57.10 1 0
github.com/gogapopp/go-trainee-assignment/internal/http-server/handlers/send_coin.go:60.3,60.31 1 0
github.com/gogapopp/go-trainee-assignment/internal/http-server/middlewares/auth.go:13.71,14.46 1 0
github.com/gogapopp/go-trainee-assignment/internal/http-server/middlewares/auth.go:14.46,15.72 1 0
github.com/gogapopp/go-trainee-assignment/internal/http-server/middlewares/auth.go:15.72,17.20 2 0
github.com/gogapopp/go-trainee-assignment/internal/http-server/middlewares/auth.go:17.20,20.5 2 0
github.com/gogapopp/go-trainee-assignment/internal/http-server/middlewares/auth.go:22.4,23.59 2 0
github.com/gogapopp/go-trainee-assignment/internal/http-server/middlewares/auth.go:23.59,26.5 2 0
github.com/gogapopp/go-trainee-assignment/internal/http-server/middlewares/auth.go:28.4,30.18 3 0
github.com/gogapopp/go-trainee-assignment/internal/http-server/middlewares/auth.go:30.18,33.5 2 0
github.com/gogapopp/go-trainee-assignment/internal/http-server/middlewares/auth.go:35.4,36.41 2 0
github.com/gogapopp/go-trainee-assignment/internal/libs/config/config.go:17.40,19.16 2 1
github.com/gogapopp/go-trainee-assignment/internal/libs/config/config.go:19.16,21.3 1 0
github.com/gogapopp/go-trainee-assignment/internal/libs/config/config.go:23.2,26.16 3 1
github.com/gogapopp/go-trainee-assignment/internal/libs/config/config.go:26.16,28.3 1 0
github.com/gogapopp/go-trainee-assignment/internal/libs/config/config.go:30.2,34.8 1 1
github.com/gogapopp/go-trainee-assignment/internal/libs/config/http.go:15.43,18.20 2 1
github.com/gogapopp/go-trainee-assignment/internal/libs/config/http.go:18.20,20.3 1 0
github.com/gogapopp/go-trainee-assignment/internal/libs/config/http.go:22.2,24.8 1 1
github.com/gogapopp/go-trainee-assignment/internal/libs/config/pg.go:20.30,35.2 3 1
github.com/gogapopp/go-trainee-assignment/internal/libs/jwt/jwt.go:22.69,33.2 3 0
github.com/gogapopp/go-trainee-assignment/internal/libs/jwt/jwt.go:35.64,39.47 1 0
github.com/gogapopp/go-trainee-assignment/internal/libs/jwt/jwt.go:39.47,41.4 1 0
github.com/gogapopp/go-trainee-assignment/internal/libs/jwt/jwt.go:43.2,43.16 1 0
github.com/gogapopp/go-trainee-assignment/internal/libs/jwt/jwt.go:43.16,44.42 1 0
github.com/gogapopp/go-trainee-assignment/internal/libs/jwt/jwt.go:44.42,46.4 1 0
github.com/gogapopp/go-trainee-assignment/internal/libs/jwt/jwt.go:47.3,47.28 1 0
github.com/gogapopp/go-trainee-assignment/internal/libs/jwt/jwt.go:50.2,50.66 1 0
github.com/gogapopp/go-trainee-assignment/internal/libs/jwt/jwt.go:50.66,52.3 1 0
github.com/gogapopp/go-trainee-assignment/internal/libs/jwt/jwt.go:54.2,54.27 1 0
github.com/gogapopp/go-trainee-assignment/internal/libs/logger/logger.go:5.40,7.16 2 0
github.com/gogapopp/go-trainee-assignment/internal/libs/logger/logger.go:7.16,9.3 1 0
github.com/gogapopp/go-trainee-assignment/internal/libs/logger/logger.go:10.2,11.19 2 0
github.com/gogapopp/go-trainee-assignment/internal/repository/postgres/auth.go:16.87,20.16 3 1
github.com/gogapopp/go-trainee-assignment/internal/repository/postgres/auth.go:20.16,22.3 1 0
github.com/gogapopp/go-trainee-assignment/internal/repository/postgres/auth.go:24.2,30.16 3 1
github.com/gogapopp/go-trainee-assignment/internal/repository/postgres/auth.go:30.16,32.3 1 1
github.com/gogapopp/go-trainee-assignment/internal/repository/postgres/auth.go:34.2,34.36 1 1
github.com/gogapopp/go-trainee-assignment/internal/repository/postgres/auth.go:34.36,36.3 1 0
github.com/gogapopp/go-trainee-assignment/internal/repository/postgres/auth.go:38.2,42.16 3 1
github.com/gogapopp/go-trainee-assignment/internal/repository/postgres/auth.go:42.16,44.3 1 0
github.com/gogapopp/go-trainee-assignment/internal/repository/postgres/auth.go:46.2,46.105 1 1
github.com/gogapopp/go-trainee-assignment/internal/repository/postgres/auth.go:46.105,48.3 1 1
github.com/gogapopp/go-trainee-assignment/internal/repository/postgres/auth.go:50.2,50.20 1 1
github.com/gogapopp/go-trainee-assignment/internal/repository/postgres/buy.go:12.83,16.16 3 1
github.com/gogapopp/go-trainee-assignment/internal/repository/postgres/buy.go:16.16,18.3 1 0
github.com/gogapopp/go-trainee-assignment/internal/repository/postgres/buy.go:19.2,24.16 4 1
github.com/gogapopp/go-trainee-assignment/internal/repository/postgres/buy.go:24.16,25.36 1 1
github.com/gogapopp/go-trainee-assignment/internal/repository/postgres/buy.go:25.36,27.4 1 1
github.com/gogapopp/go-trainee-assignment/internal/repository/postgres/buy.go:28.3,28.39 1 0
github.com/gogapopp/go-trainee-assignment/internal/repository/postgres/buy.go:32.2,34.16 3 1
github.com/gogapopp/go-trainee-assignment/internal/repository/postgres/buy.go:34.16,36.3 1 0
github.com/gogapopp/go-trainee-assignment/internal/repository/postgres/buy.go:38.2,38.21 1 1
github.com/gogapopp/go-trainee-assignment/internal/repository/postgres/buy.go:38.21,40.3 1 1
github.com/gogapopp/go-trainee-assignment/internal/repository/postgres/buy.go:43.2,44.16 2 1
github.com/gogapopp/go-trainee-assignment/internal/repository/postgres/buy.go:44.16,46.3 1 0
github.com/gogapopp/go-trainee-assignment/internal/repository/postgres/buy.go:49.2,54.16 2 1
github.com/gogapopp/go-trainee-assignment/internal/repository/postgres/buy.go:54.16,56.3 1 0
github.com/gogapopp/go-trainee-assignment/internal/repository/postgres/buy.go:58.2,58.23 1 1
github.com/gogapopp/go-trainee-assignment/internal/repository/postgres/info.go:10.93,16.16 4 1
github.com/gogapopp/go-trainee-assignment/internal/repository/postgres/info.go:16.16,18.3 1 0
github.com/gogapopp/go-trainee-assignment/internal/repository/postgres/info.go:21.2,27.16 2 1
github.com/gogapopp/go-trainee-assignment/internal/repository/postgres/info.go:27.16,29.3 1 0
github.com/gogapopp/go-trainee-assignment/internal/repository/postgres/info.go:30.2,32.18 2 1
github.com/gogapopp/go-trainee-assignment/internal/repository/postgres/info.go:32.18,34.63 2 1
github.com/gogapopp/go-trainee-assignment/internal/repository/postgres/info.go:34.63,36.4 1 0
github.com/gogapopp/go-trainee-assignment/internal/repository/postgres/info.go:37.3,37.48 1 1
github.com/gogapopp/go-trainee-assignment/internal/repository/postgres/info.go:41.2,47.16 2 1
github.com/gogapopp/go-trainee-assignment/internal/repository/postgres/info.go:47.16,49.3 1 0
github.com/gogapopp/go-trainee-assignment/internal/repository/postgres/info.go:50.2,52.26 2 1
github.com/gogapopp/go-trainee-assignment/internal/repository/postgres/info.go:52.26,54.67 2 1
github.com/gogapopp/go-trainee-assignment/internal/repository/postgres/info.go:54.67,56.4 1 0
github.com/gogapopp/go-trainee-assignment/internal/repository/postgres/info.go:57.3,57.67 1 1
github.com/gogapopp/go-trainee-assignment/internal/repository/postgres/info.go:61.2,67.16 2 1
github.com/gogapopp/go-trainee-assignment/internal/repository/postgres/info.go:67.16,69.3 1 0
github.com/gogapopp/go-trainee-assignment/internal/repository/postgres/info.go:70.2,72.22 2 1
github.com/gogapopp/go-trainee-assignment/internal/repository/postgres/info.go:72.22,74.61 2 1
github.com/gogapopp/go-trainee-assignment/internal/repository/postgres/info.go:74.61,76.4 1 0
github.com/gogapopp/go-trainee-assignment/internal/repository/postgres/info.go:77.3,77.59 1 1
github.com/gogapopp/go-trainee-assignment/internal/repository/postgres/info.go:80.2,80.18 1 1
github.com/gogapopp/go-trainee-assignment/internal/repository/postgres/postgres.go:14.40,20.16 4 1
github.com/gogapopp/go-trainee-assignment/internal/repository/postgres/postgres.go:20.16,22.3 1 0
github.com/gogapopp/go-trainee-assignment/internal/repository/postgres/postgres.go:24.2,25.16 2 1
github.com/gogapopp/go-trainee-assignment/internal/repository/postgres/postgres.go:25.16,27.3 1 0
github.com/gogapopp/go-trainee-assignment/internal/repository/postgres/postgres.go:29.2,31.8 1 1
github.com/gogapopp/go-trainee-assignment/internal/repository/postgres/send_coin.go:13.98,17.16 3 1
github.com/gogapopp/go-trainee-assignment/internal/repository/postgres/send_coin.go:17.16,19.3 1 0
github.com/gogapopp/go-trainee-assignment/internal/repository/postgres/send_coin.go:20.2,25.16 4 1
github.com/gogapopp/go-trainee-assignment/internal/repository/postgres/send_coin.go:25.16,26.36 1 1
github.com/gogapopp/go-trainee-assignment/internal/repository/postgres/send_coin.go:26.36,28.4 1 1
github.com/gogapopp/go-trainee-assignment/internal/repository/postgres/send_coin.go:29.3,29.39 1 0
github.com/gogapopp/go-trainee-assignment/internal/repository/postgres/send_coin.go:32.2,32.29 1 1
github.com/gogapopp/go-trainee-assignment/internal/repository/postgres/send_coin.go:32.29,34.3 1 1
github.com/gogapopp/go-trainee-assignment/internal/repository/postgres/send_coin.go:37.2,39.16 3 1
github.com/gogapopp/go-trainee-assignment/internal/repository/postgres/send_coin.go:39.16,41.3 1 0
github.com/gogapopp/go-trainee-assignment/internal/repository/postgres/send_coin.go:43.2,43.26 1 1
github.com/gogapopp/go-trainee-assignment/internal/repository/postgres/send_coin.go:43.26,45.3 1 0
github.com/gogapopp/go-trainee-assignment/internal/repository/postgres/send_coin.go:48.2,49.16 2 1
github.com/gogapopp/go-trainee-assignment/internal/repository/postgres/send_coin.go:49.16,51.3 1 0
github.com/gogapopp/go-trainee-assignment/internal/repository/postgres/send_coin.go:54.2,55.16 2 1
github.com/gogapopp/go-trainee-assignment/internal/repository/postgres/send_coin.go:55.16,57.3 1 0
github.com/gogapopp/go-trainee-assignment/internal/repository/postgres/send_coin.go:59.2,61.16 2 1
github.com/gogapopp/go-trainee-assignment/internal/repository/postgres/send_coin.go:61.16,63.3 1 0
github.com/gogapopp/go-trainee-assignment/internal/repository/postgres/send_coin.go:65.2,65.23 1 1
github.com/gogapopp/go-trainee-assignment/internal/service/auth.go:11.89,14.48 2 0
github.com/gogapopp/go-trainee-assignment/internal/service/auth.go:14.48,16.3 1 0
github.com/gogapopp/go-trainee-assignment/internal/service/auth.go:18.2,19.16 2 0
github.com/gogapopp/go-trainee-assignment/internal/service/auth.go:19.16,21.3 1 0
github.com/gogapopp/go-trainee-assignment/internal/service/auth.go:23.2,24.16 2 0
github.com/gogapopp/go-trainee-assignment/internal/service/auth.go:24.16,26.3 1 0
github.com/gogapopp/go-trainee-assignment/internal/service/auth.go:28.2,28.19 1 0
github.com/gogapopp/go-trainee-assignment/internal/service/buy.go:8.83,11.62 2 0
github.com/gogapopp/go-trainee-assignment/internal/service/buy.go:11.62,13.3 1 0
github.com/gogapopp/go-trainee-assignment/internal/service/buy.go:15.2,15.12 1 0
github.com/gogapopp/go-trainee-assignment/internal/service/info.go:10.93,14.16 3 0
github.com/gogapopp/go-trainee-assignment/internal/service/info.go:14.16,16.3 1 0
github.com/gogapopp/go-trainee-assignment/internal/service/info.go:18.2,18.18 1 0
github.com/gogapopp/go-trainee-assignment/internal/service/send_coin.go:10.98,13.48 2 0
github.com/gogapopp/go-trainee-assignment/internal/service/send_coin.go:13.48,15.3 1 0
github.com/gogapopp/go-trainee-assignment/internal/service/send_coin.go:17.2,17.61 1 0
github.com/gogapopp/go-trainee-assignment/internal/service/send_coin.go:17.61,19.3 1 0
github.com/gogapopp/go-trainee-assignment/internal/service/send_coin.go:21.2,21.12 1 0
github.com/gogapopp/go-trainee-assignment/internal/service/service.go:23.48,29.2 1 0
github.com/gogapopp/go-trainee-assignment/internal/service/mocks/repository.go:14.84,17.2 2 0
github.com/gogapopp/go-trainee-assignment/internal/service/mocks/repository.go:19.80,22.2 2 0
github.com/gogapopp/go-trainee-assignment/internal/service/mocks/repository.go:24.90,27.2 2 0
github.com/gogapopp/go-trainee-assignment/internal/service/mocks/repository.go:29.95,32.2 2 0
